TN:
SF:lib/security/audit-logger.js
FN:49,(anonymous_0)
FN:81,(anonymous_1)
FN:89,(anonymous_2)
FN:113,(anonymous_3)
FN:148,(anonymous_4)
FN:170,(anonymous_5)
FN:193,(anonymous_6)
FN:221,(anonymous_7)
FN:242,(anonymous_8)
FN:264,(anonymous_9)
FN:294,(anonymous_10)
FN:320,(anonymous_11)
FN:341,(anonymous_12)
FN:383,(anonymous_13)
FN:427,(anonymous_14)
FN:473,(anonymous_15)
FN:498,(anonymous_16)
FNF:17
FNH:17
FNDA:73,(anonymous_0)
FNDA:73,(anonymous_1)
FNDA:834,(anonymous_2)
FNDA:761,(anonymous_3)
FNDA:4,(anonymous_4)
FNDA:59,(anonymous_5)
FNDA:49,(anonymous_6)
FNDA:1,(anonymous_7)
FNDA:2,(anonymous_8)
FNDA:11,(anonymous_9)
FNDA:2,(anonymous_10)
FNDA:2,(anonymous_11)
FNDA:71,(anonymous_12)
FNDA:28,(anonymous_13)
FNDA:11,(anonymous_14)
FNDA:50,(anonymous_15)
FNDA:4,(anonymous_16)
DA:13,2
DA:14,2
DA:20,2
DA:29,2
DA:55,73
DA:57,73
DA:58,73
DA:59,73
DA:62,73
DA:63,1
DA:67,73
DA:68,49
DA:70,24
DA:71,24
DA:75,73
DA:90,834
DA:91,761
DA:92,761
DA:93,29
DA:94,29
DA:95,29
DA:114,761
DA:123,761
DA:124,761
DA:127,761
DA:128,0
DA:129,0
DA:130,0
DA:133,0
DA:134,0
DA:139,761
DA:149,4
DA:151,1
DA:153,1
DA:155,1
DA:157,1
DA:171,59
DA:200,49
DA:222,1
DA:243,2
DA:271,11
DA:295,2
DA:321,2
DA:342,71
DA:344,62
DA:345,1
DA:349,61
DA:356,9
DA:357,9
DA:358,9
DA:360,16
DA:361,9
DA:363,7
DA:366,9
DA:369,0
DA:390,28
DA:392,28
DA:393,4
DA:396,24
DA:400,24
DA:402,24
DA:403,91
DA:404,91
DA:407,91
DA:408,90
DA:409,86
DA:410,84
DA:412,81
DA:415,0
DA:419,24
DA:428,11
DA:430,11
DA:439,11
DA:440,50
DA:441,46
DA:442,7
DA:444,46
DA:445,35
DA:449,46
DA:450,39
DA:451,39
DA:455,50
DA:456,4
DA:461,11
DA:462,6
DA:463,1
DA:473,50
DA:475,11
DA:477,0
DA:479,0
DA:481,0
DA:490,11
DA:499,4
DA:501,4
DA:502,4
DA:503,4
DA:504,4
DA:505,4
DA:507,4
DA:508,0
DA:509,0
DA:510,0
DA:511,0
DA:512,0
DA:513,0
DA:514,0
DA:515,0
DA:518,4
DA:521,4
DA:525,2
LF:110
LH:92
BRDA:49,0,0,0
BRDA:51,1,0,1
BRDA:52,2,0,24
BRDA:53,3,0,2
BRDA:54,4,0,25
BRDA:62,5,0,1
BRDA:62,5,1,72
BRDA:67,6,0,49
BRDA:67,6,1,24
BRDA:90,7,0,761
BRDA:90,7,1,73
BRDA:92,8,0,29
BRDA:92,8,1,732
BRDA:116,9,0,761
BRDA:116,9,1,0
BRDA:116,9,2,0
BRDA:119,10,0,761
BRDA:119,10,1,627
BRDA:127,11,0,0
BRDA:127,11,1,761
BRDA:131,12,0,0
BRDA:131,12,1,0
BRDA:133,13,0,0
BRDA:133,13,1,0
BRDA:133,14,0,0
BRDA:133,14,1,0
BRDA:149,15,0,1
BRDA:149,15,1,1
BRDA:149,15,2,1
BRDA:149,15,3,1
BRDA:170,16,0,0
BRDA:170,17,0,51
BRDA:178,18,0,3
BRDA:178,18,1,56
BRDA:197,19,0,4
BRDA:198,20,0,47
BRDA:221,21,0,0
BRDA:242,22,0,1
BRDA:249,23,0,1
BRDA:249,23,1,1
BRDA:267,24,0,6
BRDA:268,25,0,8
BRDA:269,26,0,8
BRDA:294,27,0,0
BRDA:294,28,0,1
BRDA:297,29,0,1
BRDA:297,29,1,1
BRDA:303,30,0,1
BRDA:303,30,1,1
BRDA:320,31,0,0
BRDA:320,32,0,1
BRDA:326,33,0,1
BRDA:326,33,1,1
BRDA:342,34,0,62
BRDA:342,34,1,9
BRDA:344,35,0,1
BRDA:344,35,1,61
BRDA:356,36,0,9
BRDA:356,36,1,0
BRDA:356,37,0,9
BRDA:356,37,1,9
BRDA:360,38,0,9
BRDA:360,38,1,7
BRDA:383,39,0,6
BRDA:385,40,0,26
BRDA:386,41,0,22
BRDA:387,42,0,27
BRDA:388,43,0,27
BRDA:389,44,0,16
BRDA:392,45,0,4
BRDA:392,45,1,24
BRDA:402,46,0,115
BRDA:402,46,1,92
BRDA:407,47,0,1
BRDA:407,47,1,90
BRDA:407,48,0,91
BRDA:407,48,1,7
BRDA:408,49,0,4
BRDA:408,49,1,86
BRDA:408,50,0,90
BRDA:408,50,1,12
BRDA:409,51,0,2
BRDA:409,51,1,84
BRDA:409,52,0,86
BRDA:409,52,1,4
BRDA:410,53,0,3
BRDA:410,53,1,81
BRDA:410,54,0,84
BRDA:410,54,1,4
BRDA:440,55,0,46
BRDA:440,55,1,4
BRDA:441,56,0,7
BRDA:441,56,1,39
BRDA:444,57,0,35
BRDA:444,57,1,11
BRDA:449,58,0,39
BRDA:449,58,1,7
BRDA:450,59,0,39
BRDA:450,59,1,6
BRDA:455,60,0,4
BRDA:455,60,1,46
BRDA:462,61,0,1
BRDA:462,61,1,5
BRDA:475,62,0,0
BRDA:475,62,1,11
BRDA:479,63,0,0
BRDA:479,63,1,0
BRDA:507,64,0,0
BRDA:507,64,1,4
BRDA:510,65,0,0
BRDA:510,65,1,0
BRDA:512,66,0,0
BRDA:512,66,1,0
BRDA:514,67,0,0
BRDA:514,67,1,0
BRF:115
BRH:90
end_of_record
TN:
SF:lib/security/command-allowlists.js
FN:382,getAllowlistForAgent
FN:393,getCategoryForAgent
FNF:2
FNH:2
FNDA:54,getAllowlistForAgent
FNDA:24,getCategoryForAgent
DA:13,2
DA:301,2
DA:383,54
DA:384,54
DA:394,24
DA:397,2
LF:6
LH:6
BRDA:383,0,0,54
BRDA:383,0,1,14
BRDA:394,1,0,24
BRDA:394,1,1,2
BRF:4
BRH:4
end_of_record
TN:
SF:lib/security/input-validator.js
FN:85,(anonymous_0)
FN:120,(anonymous_1)
FN:179,(anonymous_2)
FN:221,(anonymous_3)
FN:296,(anonymous_4)
FN:338,(anonymous_5)
FN:364,(anonymous_6)
FN:395,(anonymous_7)
FNF:8
FNH:8
FNDA:1256,(anonymous_0)
FNDA:129,(anonymous_1)
FNDA:125,(anonymous_2)
FNDA:36,(anonymous_3)
FNDA:49,(anonymous_4)
FNDA:8,(anonymous_5)
FNDA:12,(anonymous_6)
FNDA:17,(anonymous_7)
DA:13,2
DA:14,2
DA:21,2
DA:59,2
DA:69,2
DA:74,2
DA:86,1256
DA:87,4
DA:90,1252
DA:92,1252
DA:93,2
DA:97,1250
DA:99,22958
DA:100,3
DA:103,22955
DA:104,60
DA:108,1190
DA:121,129
DA:122,2
DA:125,127
DA:126,1
DA:129,126
DA:130,1
DA:134,125
DA:135,478
DA:136,10
DA:141,115
DA:144,115
DA:145,2
DA:151,113
DA:152,5
DA:153,5
DA:154,5
DA:155,2
DA:160,2
DA:161,2
DA:164,108
DA:165,1
DA:168,110
DA:180,125
DA:181,2
DA:186,123
DA:187,123
DA:189,1
DA:193,122
DA:194,122
DA:195,10
DA:201,112
DA:202,3
DA:205,109
DA:222,36
DA:223,1
DA:231,35
DA:234,35
DA:237,34
DA:239,34
DA:240,2
DA:243,32
DA:244,32
DA:247,32
DA:248,9
DA:254,23
DA:255,8
DA:256,1
DA:261,7
DA:262,3
DA:269,19
DA:270,3
DA:271,2
DA:276,17
DA:277,4
DA:278,4
DA:279,4
DA:280,4
DA:282,2
DA:287,15
DA:297,49
DA:298,49
DA:299,49
DA:300,49
DA:302,49
DA:303,572
DA:305,572
DA:306,10
DA:307,5
DA:308,5
DA:309,5
DA:310,5
DA:311,5
DA:313,0
DA:315,562
DA:316,55
DA:317,49
DA:318,49
DA:321,507
DA:325,49
DA:326,45
DA:329,49
DA:339,8
DA:340,8
DA:342,8
DA:344,17
DA:345,1
DA:349,16
DA:350,8
DA:354,8
DA:365,12
DA:366,2
DA:370,10
DA:372,10
DA:373,4
DA:378,6
DA:379,1
DA:382,5
DA:396,17
DA:398,1
DA:401,1
DA:404,1
DA:407,5
DA:408,5
DA:409,0
DA:411,5
DA:412,1
DA:414,4
DA:415,1
DA:417,3
DA:420,6
DA:421,2
DA:423,4
DA:424,2
DA:426,2
DA:427,2
DA:429,0
DA:432,2
DA:433,0
DA:435,2
DA:436,1
DA:440,1
DA:443,1
DA:448,2
LF:140
LH:136
BRDA:85,0,0,1254
BRDA:86,1,0,4
BRDA:86,1,1,1252
BRDA:90,2,0,1252
BRDA:90,2,1,1213
BRDA:92,3,0,2
BRDA:92,3,1,1250
BRDA:99,4,0,3
BRDA:99,4,1,22955
BRDA:99,5,0,22958
BRDA:99,5,1,19
BRDA:103,6,0,60
BRDA:103,6,1,22895
BRDA:120,7,0,123
BRDA:121,8,0,2
BRDA:121,8,1,127
BRDA:125,9,0,1
BRDA:125,9,1,126
BRDA:129,10,0,1
BRDA:129,10,1,125
BRDA:135,11,0,10
BRDA:135,11,1,468
BRDA:144,12,0,2
BRDA:144,12,1,113
BRDA:151,13,0,5
BRDA:151,13,1,108
BRDA:154,14,0,2
BRDA:154,14,1,3
BRDA:160,15,0,2
BRDA:160,15,1,0
BRDA:164,16,0,1
BRDA:164,16,1,107
BRDA:179,17,0,123
BRDA:180,18,0,2
BRDA:180,18,1,123
BRDA:194,19,0,10
BRDA:194,19,1,112
BRDA:201,20,0,3
BRDA:201,20,1,109
BRDA:201,21,0,112
BRDA:201,21,1,110
BRDA:221,22,0,18
BRDA:222,23,0,1
BRDA:222,23,1,35
BRDA:227,24,0,23
BRDA:228,25,0,33
BRDA:229,26,0,31
BRDA:230,27,0,31
BRDA:239,28,0,2
BRDA:239,28,1,32
BRDA:247,29,0,9
BRDA:247,29,1,23
BRDA:254,30,0,8
BRDA:254,30,1,15
BRDA:255,31,0,1
BRDA:255,31,1,7
BRDA:261,32,0,3
BRDA:261,32,1,4
BRDA:270,33,0,2
BRDA:270,33,1,1
BRDA:276,34,0,4
BRDA:276,34,1,13
BRDA:305,35,0,10
BRDA:305,35,1,562
BRDA:305,36,0,572
BRDA:305,36,1,566
BRDA:305,36,2,10
BRDA:306,37,0,5
BRDA:306,37,1,5
BRDA:309,38,0,5
BRDA:309,38,1,0
BRDA:315,39,0,55
BRDA:315,39,1,507
BRDA:315,40,0,562
BRDA:315,40,1,59
BRDA:316,41,0,49
BRDA:316,41,1,6
BRDA:325,42,0,45
BRDA:325,42,1,4
BRDA:344,43,0,1
BRDA:344,43,1,16
BRDA:349,44,0,8
BRDA:349,44,1,8
BRDA:349,45,0,16
BRDA:349,45,1,11
BRDA:349,45,2,11
BRDA:365,46,0,2
BRDA:365,46,1,10
BRDA:372,47,0,4
BRDA:372,47,1,6
BRDA:378,48,0,1
BRDA:378,48,1,5
BRDA:395,49,0,11
BRDA:396,50,0,1
BRDA:396,50,1,1
BRDA:396,50,2,1
BRDA:396,50,3,5
BRDA:396,50,4,6
BRDA:396,50,5,2
BRDA:396,50,6,1
BRDA:401,51,0,1
BRDA:401,51,1,0
BRDA:408,52,0,0
BRDA:408,52,1,5
BRDA:411,53,0,1
BRDA:411,53,1,4
BRDA:411,54,0,5
BRDA:411,54,1,3
BRDA:414,55,0,1
BRDA:414,55,1,3
BRDA:414,56,0,4
BRDA:414,56,1,2
BRDA:420,57,0,2
BRDA:420,57,1,4
BRDA:423,58,0,2
BRDA:423,58,1,2
BRDA:423,59,0,4
BRDA:423,59,1,3
BRDA:426,60,0,2
BRDA:426,60,1,0
BRDA:426,61,0,2
BRDA:426,61,1,1
BRDA:432,62,0,0
BRDA:432,62,1,2
BRDA:435,63,0,1
BRDA:435,63,1,1
BRF:126
BRH:120
end_of_record
TN:
SF:lib/security/rate-limiter.js
FN:23,(anonymous_0)
FN:51,(anonymous_1)
FN:53,(anonymous_2)
FN:59,(anonymous_3)
FN:65,(anonymous_4)
FN:85,(anonymous_5)
FN:101,(anonymous_6)
FN:108,(anonymous_7)
FN:132,(anonymous_8)
FN:151,(anonymous_9)
FN:154,(anonymous_10)
FN:179,(anonymous_11)
FN:190,(anonymous_12)
FN:237,(anonymous_13)
FN:256,(anonymous_14)
FN:273,(anonymous_15)
FN:274,(anonymous_16)
FN:282,(anonymous_17)
FN:291,(anonymous_18)
FN:310,(anonymous_19)
FN:312,(anonymous_20)
FN:321,(anonymous_21)
FN:343,(anonymous_22)
FN:362,getGlobalRateLimiter
FN:376,executeRateLimited
FNF:25
FNH:23
FNDA:67,(anonymous_0)
FNDA:67,(anonymous_1)
FNDA:0,(anonymous_2)
FNDA:0,(anonymous_3)
FNDA:53,(anonymous_4)
FNDA:68,(anonymous_5)
FNDA:205,(anonymous_6)
FNDA:205,(anonymous_7)
FNDA:217,(anonymous_8)
FNDA:392,(anonymous_9)
FNDA:7635,(anonymous_10)
FNDA:134,(anonymous_11)
FNDA:610,(anonymous_12)
FNDA:20,(anonymous_13)
FNDA:31,(anonymous_14)
FNDA:26,(anonymous_15)
FNDA:26,(anonymous_16)
FNDA:306,(anonymous_17)
FNDA:17,(anonymous_18)
FNDA:17,(anonymous_19)
FNDA:33,(anonymous_20)
FNDA:3,(anonymous_21)
FNDA:3,(anonymous_22)
FNDA:4,getGlobalRateLimiter
FNDA:1,executeRateLimited
DA:24,67
DA:25,67
DA:26,67
DA:27,67
DA:30,67
DA:31,67
DA:34,67
DA:35,67
DA:38,67
DA:41,67
DA:42,67
DA:45,67
DA:53,67
DA:54,0
DA:55,0
DA:59,67
DA:60,0
DA:61,0
DA:65,67
DA:66,53
DA:67,29
DA:72,53
DA:73,30
DA:78,53
DA:86,68
DA:87,68
DA:88,68
DA:106,205
DA:108,205
DA:109,205
DA:120,205
DA:123,205
DA:134,217
DA:135,217
DA:136,4772
DA:137,0
DA:138,0
DA:139,0
DA:143,217
DA:144,217
DA:153,392
DA:154,392
DA:155,7635
DA:156,2
DA:157,2
DA:159,7633
DA:163,392
DA:169,134
DA:170,134
DA:181,134
DA:182,134
DA:183,134
DA:186,134
DA:189,134
DA:190,610
DA:192,134
DA:194,134
DA:195,13
DA:196,13
DA:200,132
DA:203,118
DA:204,3
DA:207,118
DA:210,14
DA:212,12
DA:213,12
DA:217,12
DA:218,12
DA:221,2
DA:224,132
DA:227,132
DA:238,20
DA:240,19
DA:241,19
DA:243,19
DA:264,31
DA:274,26
DA:283,306
DA:292,17
DA:311,17
DA:312,33
DA:322,3
DA:324,3
DA:330,13
DA:333,3
DA:336,1
DA:344,3
DA:345,3
DA:346,3
DA:347,3
DA:354,2
DA:363,4
DA:364,1
DA:366,4
DA:377,1
DA:378,1
DA:381,2
LF:97
LH:90
BRDA:23,0,0,1
BRDA:24,1,0,67
BRDA:24,1,1,1
BRDA:25,2,0,67
BRDA:25,2,1,2
BRDA:26,3,0,67
BRDA:26,3,1,26
BRDA:66,4,0,29
BRDA:66,4,1,24
BRDA:72,5,0,30
BRDA:72,5,1,23
BRDA:101,6,0,197
BRDA:103,7,0,200
BRDA:104,8,0,205
BRDA:105,9,0,203
BRDA:136,10,0,0
BRDA:136,10,1,4772
BRDA:143,11,0,217
BRDA:143,11,1,0
BRDA:155,12,0,2
BRDA:155,12,1,7633
BRDA:164,13,0,526
BRDA:164,13,1,342
BRDA:164,13,2,165
BRDA:164,13,3,134
BRDA:194,14,0,13
BRDA:194,14,1,121
BRDA:203,15,0,3
BRDA:203,15,1,115
BRDA:210,16,0,12
BRDA:210,16,1,2
BRDA:212,17,0,12
BRDA:212,17,1,0
BRDA:238,18,0,1
BRDA:238,18,1,19
BRDA:240,19,0,19
BRDA:240,19,1,0
BRDA:241,20,0,19
BRDA:241,20,1,6
BRDA:244,21,0,19
BRDA:244,21,1,6
BRDA:244,21,2,5
BRDA:244,21,3,4
BRDA:321,22,0,0
BRDA:325,23,0,16
BRDA:325,23,1,12
BRDA:325,23,2,2
BRDA:325,23,3,14
BRDA:333,24,0,1
BRDA:333,24,1,2
BRDA:333,25,0,3
BRDA:333,25,1,2
BRDA:333,25,2,2
BRDA:363,26,0,1
BRDA:363,26,1,3
BRDA:376,27,0,1
BRF:56
BRH:51
end_of_record
